<?xml version="1.0" encoding="UTF-8"?>
<testsuite xmlns:xsi="http://www.w3.org/2001/XMLSchema-instance" xsi:noNamespaceSchemaLocation="https://maven.apache.org/surefire/maven-surefire-plugin/xsd/surefire-test-report.xsd" name="com.emailsystem.test.TestMailModule" time="269.012" tests="16" errors="0" skipped="0" failures="0">
  <properties>
[...]
</properties>
  <testcase name="invalidAttachmentPath" classname="com.emailsystem.test.TestMailModule" time="13.576"/>
  <testcase name="sendEmailWithoutSubject" classname="com.emailsystem.test.TestMailModule" time="39.997"/>
  <testcase name="sendTextFileAsAttachment" classname="com.emailsystem.test.TestMailModule" time="34.993"/>
  <testcase name="sendToMultipleCc" classname="com.emailsystem.test.TestMailModule" time="42.065"/>
  <testcase name="sendingEmailWithNormalAttachment" classname="com.emailsystem.test.TestMailModule" time="28.789"/>
  <testcase name="sendEmailWithInvalidBcc" classname="com.emailsystem.test.TestMailModule" time="6.528"/>
  <testcase name="sendEmailWithMultipleFields" classname="com.emailsystem.test.TestMailModule" time="13.054"/>
  <testcase name="sendEmailWithInvalidCc" classname="com.emailsystem.test.TestMailModule" time="6.657"/>
  <testcase name="sendEmailWithInvalidTo" classname="com.emailsystem.test.TestMailModule" time="7.258"/>
  <testcase name="sendToMultiplePeople" classname="com.emailsystem.test.TestMailModule" time="10.087"/>
  <testcase name="sendAndReceiveTwoEmails" classname="com.emailsystem.test.TestMailModule" time="15.482"/>
  <testcase name="sendEmptyEmail" classname="com.emailsystem.test.TestMailModule" time="6.524"/>
  <testcase name="sendingEmailWithAllAttachments" classname="com.emailsystem.test.TestMailModule" time="12.318"/>
  <testcase name="sendingEmailWithMultipleAttachments" classname="com.emailsystem.test.TestMailModule" time="14.295"/>
  <testcase name="sendEmailWithInvalidFrom" classname="com.emailsystem.test.TestMailModule" time="6.544"/>
  <testcase name="sendingEmailWithoutAttachments" classname="com.emailsystem.test.TestMailModule" time="10.408"/>
</testsuite>